<?xml version="1.0" encoding="UTF-8"?>
<testsuite name="com.bestbuy.bestbuysinfo.ProductTestWithTags" time="2.956" tests="3" errors="3" skipped="0" failures="0">
  <properties>
[...]
</properties>
  <testcase name="invalidMethod" classname="com.bestbuy.bestbuysinfo.ProductTestWithTags" time="2.665">
    <error type="java.util.EmptyStackException:">java.util.EmptyStackException: null
	at java.util.Stack.peek(Stack.java:102)
	at net.thucydides.core.steps.BaseStepListener.getCurrentStep(BaseStepListener.java:569)
	at net.thucydides.core.steps.BaseStepListener.addRestQuery(BaseStepListener.java:1006)
	at net.thucydides.core.steps.BaseStepListener.recordRestQuery(BaseStepListener.java:1001)
	at net.serenitybdd.rest.utils.RestReportingHelper.registerCall(RestReportingHelper.java:79)
	at net.serenitybdd.rest.decorators.request.RequestSpecificationDecorated.execute(RequestSpecificationDecorated.java:263)
	at net.serenitybdd.rest.decorators.request.RequestSpecificationDecorated.post(RequestSpecificationDecorated.java:74)
	at net.serenitybdd.rest.decorators.request.RequestSpecificationDecorated.post(RequestSpecificationDecorated.java:27)
	at com.bestbuy.bestbuysinfo.ProductTestWithTags.invalidMethod(ProductTestWithTags.java:36)
</error>
    <system-err><![CDATA[233 [main] INFO net.serenitybdd.core.Serenity - 

-------------------------------------------------------------------------------------
     _______. _______ .______       _______ .__   __.  __  .___________.____    ____ 
    /       ||   ____||   _  \     |   ____||  \ |  | |  | |           |\   \  /   / 
   |   (----`|  |__   |  |_)  |    |  |__   |   \|  | |  | `---|  |----` \   \/   /  
    \   \    |   __|  |      /     |   __|  |  . `  | |  |     |  |       \_    _/   
.----)   |   |  |____ |  |\  \----.|  |____ |  |\   | |  |     |  |         |  |     
|_______/    |_______|| _| `._____||_______||__| \__| |__|     |__|         |__|    
-------------------------------------------------------------------------------------

]]></system-err>
  </testcase>
  <testcase name="verifyIfTheStatusCodeIs200" classname="com.bestbuy.bestbuysinfo.ProductTestWithTags" time="0.262">
    <error type="java.util.EmptyStackException:">java.util.EmptyStackException: null
	at java.util.Stack.peek(Stack.java:102)
	at net.thucydides.core.steps.BaseStepListener.getCurrentStep(BaseStepListener.java:569)
	at net.thucydides.core.steps.BaseStepListener.addRestQuery(BaseStepListener.java:1006)
	at net.thucydides.core.steps.BaseStepListener.recordRestQuery(BaseStepListener.java:1001)
	at net.serenitybdd.rest.utils.RestReportingHelper.registerCall(RestReportingHelper.java:79)
	at net.serenitybdd.rest.decorators.request.RequestSpecificationDecorated.execute(RequestSpecificationDecorated.java:263)
	at net.serenitybdd.rest.decorators.request.RequestSpecificationDecorated.get(RequestSpecificationDecorated.java:48)
	at net.serenitybdd.rest.decorators.request.RequestSpecificationDecorated.get(RequestSpecificationDecorated.java:38)
	at net.serenitybdd.rest.decorators.request.RequestSpecificationDecorated.get(RequestSpecificationDecorated.java:27)
	at com.bestbuy.bestbuysinfo.ProductTestWithTags.verifyIfTheStatusCodeIs200(ProductTestWithTags.java:22)
</error>
  </testcase>
  <testcase name="inCorrectResource" classname="com.bestbuy.bestbuysinfo.ProductTestWithTags" time="0.029">
    <error type="java.util.EmptyStackException:">java.util.EmptyStackException: null
	at java.util.Stack.peek(Stack.java:102)
	at net.thucydides.core.steps.BaseStepListener.getCurrentStep(BaseStepListener.java:569)
	at net.thucydides.core.steps.BaseStepListener.addRestQuery(BaseStepListener.java:1006)
	at net.thucydides.core.steps.BaseStepListener.recordRestQuery(BaseStepListener.java:1001)
	at net.serenitybdd.rest.utils.RestReportingHelper.registerCall(RestReportingHelper.java:79)
	at net.serenitybdd.rest.decorators.request.RequestSpecificationDecorated.execute(RequestSpecificationDecorated.java:263)
	at net.serenitybdd.rest.decorators.request.RequestSpecificationDecorated.get(RequestSpecificationDecorated.java:48)
	at net.serenitybdd.rest.decorators.request.RequestSpecificationDecorated.get(RequestSpecificationDecorated.java:27)
	at com.bestbuy.bestbuysinfo.ProductTestWithTags.inCorrectResource(ProductTestWithTags.java:50)
</error>
  </testcase>
</testsuite>