<?xml version="1.0" encoding="UTF-8"?><testsuite errors="0" failures="0" name="com.bestbuy.bestbuysinfo.StoreTestWithTags" skipped="0" tests="2" time="0.27" timestamp="2023-06-06T12:57:49.607+01:00[Europe/London]"><testcase classname="com.bestbuy.bestbuysinfo.StoreTestWithTags" name="This test will verify if a status code of 200 is returned for GET request"/><testcase classname="com.bestbuy.bestbuysinfo.StoreTestWithTags" name="This test will provide an error code of 404 when user tries to access an invalid resource"/></testsuite>